f:\逆向从入门到改行\pe_file\pe_loader\pe_loader\debug\pe_loader.pch
f:\逆向从入门到改行\pe_file\pe_loader\pe_loader\debug\vc140.pdb
f:\逆向从入门到改行\pe_file\pe_loader\pe_loader\debug\vc140.idb
f:\逆向从入门到改行\pe_file\pe_loader\pe_loader\debug\stdafx.obj
f:\逆向从入门到改行\pe_file\pe_loader\pe_loader\debug\pelib.obj
f:\逆向从入门到改行\pe_file\pe_loader\pe_loader\debug\pe_loader.obj
f:\逆向从入门到改行\pe_file\pe_loader\pe_loader\debug\pelibex.obj
f:\逆向从入门到改行\pe_file\pe_loader\pe_loader\debug\dynimport.obj
f:\逆向从入门到改行\pe_file\pe_loader\pe_loader\debug\utils.obj
f:\逆向从入门到改行\pe_file\pe_loader\pe_loader\debug\peimage.obj
f:\逆向从入门到改行\pe_file\pe_loader\pe_loader\debug\imagenet.obj
f:\逆向从入门到改行\pe_file\pe_loader\pe_loader\debug\patternsearch.obj
f:\逆向从入门到改行\pe_file\pe_loader\debug\pe_loader.ilk
f:\逆向从入门到改行\pe_file\pe_loader\debug\pe_loader.exe
f:\逆向从入门到改行\pe_file\pe_loader\debug\pe_loader.pdb
f:\逆向从入门到改行\pe_file\pe_loader\pe_loader\debug\pe_loader.tlog\cl.command.1.tlog
f:\逆向从入门到改行\pe_file\pe_loader\pe_loader\debug\pe_loader.tlog\cl.read.1.tlog
f:\逆向从入门到改行\pe_file\pe_loader\pe_loader\debug\pe_loader.tlog\cl.write.1.tlog
f:\逆向从入门到改行\pe_file\pe_loader\pe_loader\debug\pe_loader.tlog\link.command.1.tlog
f:\逆向从入门到改行\pe_file\pe_loader\pe_loader\debug\pe_loader.tlog\link.read.1.tlog
f:\逆向从入门到改行\pe_file\pe_loader\pe_loader\debug\pe_loader.tlog\link.write.1.tlog
